\BOOKMARK [1][-]{section.1}{Introduction and Motivation}{}% 1
\BOOKMARK [1][-]{section.2}{Related Work}{}% 2
\BOOKMARK [2][-]{subsection.2.1}{ResumableFunctions.jl}{section.2}% 3
\BOOKMARK [2][-]{subsection.2.2}{ConcurrentSim.jl}{section.2}% 4
\BOOKMARK [2][-]{subsection.2.3}{PostgresORM.jl}{section.2}% 5
\BOOKMARK [1][-]{section.3}{Probing and Persistence Architecture}{}% 6
\BOOKMARK [2][-]{subsection.3.1}{Static Architecture}{section.3}% 7
\BOOKMARK [2][-]{subsection.3.2}{Dynamic Architecture}{section.3}% 8
\BOOKMARK [3][-]{subsubsection.3.2.1}{The ProbeApp Module}{subsection.3.2}% 9
\BOOKMARK [3][-]{subsubsection.3.2.2}{The SimProbe Module}{subsection.3.2}% 10
\BOOKMARK [2][-]{subsection.3.3}{Data Externalisation}{section.3}% 11
\BOOKMARK [3][-]{subsubsection.3.3.1}{REST Architecture}{subsection.3.3}% 12
\BOOKMARK [3][-]{subsubsection.3.3.2}{Integrated Web Application}{subsection.3.3}% 13
\BOOKMARK [1][-]{section.4}{Technical Evaluation}{}% 14
\BOOKMARK [2][-]{subsection.4.1}{Inital Run}{section.4}% 15
\BOOKMARK [2][-]{subsection.4.2}{Successive Runs}{section.4}% 16
\BOOKMARK [2][-]{subsection.4.3}{Data Externalisation}{section.4}% 17
\BOOKMARK [2][-]{subsection.4.4}{Performance Comparison}{section.4}% 18
\BOOKMARK [1][-]{section.5}{Discussion}{}% 19
\BOOKMARK [1][-]{section.6}{Conclusion and Future Work}{}% 20
\BOOKMARK [1][-]{section.7}{References}{}% 21
