This is pdfTeX, Version 3.14159265-2.6-1.40.21 (TeX Live 2020) (preloaded format=pdflatex 2020.9.13)  26 AUG 2024 16:43
entering extended mode
 restricted \write18 enabled.
 %&-line parsing enabled.
**paper.tex
(./paper.tex
LaTeX2e <2020-02-02> patch level 5
L3 programming layer <2020-03-06> (./juliacon.cls
(/usr/local/texlive/2020/texmf-dist/tex/latex/psnfss/helvet.sty
Package: helvet 2005/04/12 PSNFSS-v9.2a (WaS) 

(/usr/local/texlive/2020/texmf-dist/tex/latex/graphics/keyval.sty
Package: keyval 2014/10/28 v1.15 key=value parser (DPC)
\KV@toks@=\toks15
))
Document Class: juliacon 
(/usr/local/texlive/2020/texmf-dist/tex/latex/base/latexsym.sty
Package: latexsym 1998/08/17 v2.2e Standard LaTeX package (lasy symbols)
\symlasy=\mathgroup4
LaTeX Font Info:    Overwriting symbol font `lasy' in version `bold'
(Font)                  U/lasy/m/n --> U/lasy/b/n on input line 52.
)
(/usr/local/texlive/2020/texmf-dist/tex/latex/url/url.sty
\Urlmuskip=\muskip16
Package: url 2013/09/16  ver 3.4  Verb mode for urls, etc.
)
(/usr/local/texlive/2020/texmf-dist/tex/latex/base/inputenc.sty
Package: inputenc 2018/08/11 v1.3c Input encoding file
\inpenc@prehook=\toks16
\inpenc@posthook=\toks17
)
(/usr/local/texlive/2020/texmf-dist/tex/latex/base/fontenc.sty
Package: fontenc 2020/02/11 v2.0o Standard LaTeX package
)
\trimheight=\dimen134
\trimwidth=\dimen135
\typeheight=\dimen136
\typewidth=\dimen137
\normaltextheight=\dimen138
\blindfoliodrop=\dimen139
\tempbox=\box45

(./journal_dat.tex)
\tempdimen=\dimen140
\normaltextheight=\dimen141
\c@secnumbookdepth=\count167
\c@theorem=\count168
\c@strategy=\count169
\c@property=\count170
\c@proposition=\count171
\c@exam=\count172
\c@part=\count173
\c@section=\count174
\c@subsection=\count175
\c@subsubsection=\count176
\c@paragraph=\count177
\c@figure=\count178
\c@table=\count179
\belowcaptionskip=\skip47
\tbbox=\box46
\tabledim=\dimen142
\@narrowfig=\dimen143
\@nfigbox=\box47
\@nfcapbox=\box48
\@abstract=\box49
\@terms=\box50
\@keywords=\box51
\bibindent=\dimen144
LaTeX Info: Redefining \cal on input line 900.

(/usr/local/texlive/2020/texmf-dist/tex/latex/psnfss/times.sty
Package: times 2005/04/12 PSNFSS-v9.2a (SPQR) 
)
(/usr/local/texlive/2020/texmf-dist/tex/latex/tools/bm.sty
Package: bm 2019/07/24 v1.2d Bold Symbol Support (DPC/FMi)
\symboldoperators=\mathgroup5
\symboldletters=\mathgroup6
\symboldsymbols=\mathgroup7
\symboldlasy=\mathgroup8
LaTeX Font Info:    Redeclaring math alphabet \mathbf on input line 141.
LaTeX Info: Redefining \bm on input line 209.
)
(/usr/local/texlive/2020/texmf-dist/tex/latex/graphics/graphicx.sty
Package: graphicx 2019/11/30 v1.2a Enhanced LaTeX Graphics (DPC,SPQR)

(/usr/local/texlive/2020/texmf-dist/tex/latex/graphics/graphics.sty
Package: graphics 2019/11/30 v1.4a Standard LaTeX Graphics (DPC,SPQR)

(/usr/local/texlive/2020/texmf-dist/tex/latex/graphics/trig.sty
Package: trig 2016/01/03 v1.10 sin cos tan (DPC)
)
(/usr/local/texlive/2020/texmf-dist/tex/latex/graphics-cfg/graphics.cfg
File: graphics.cfg 2016/06/04 v1.11 sample graphics configuration
)
Package graphics Info: Driver file: pdftex.def on input line 105.

(/usr/local/texlive/2020/texmf-dist/tex/latex/graphics-def/pdftex.def
File: pdftex.def 2018/01/08 v1.0l Graphics/color driver for pdftex
))
\Gin@req@height=\dimen145
\Gin@req@width=\dimen146
)
(/usr/local/texlive/2020/texmf-dist/tex/latex/hyperref/hyperref.sty
Package: hyperref 2020/01/14 v7.00d Hypertext links for LaTeX

(/usr/local/texlive/2020/texmf-dist/tex/generic/ltxcmds/ltxcmds.sty
Package: ltxcmds 2019/12/15 v1.24 LaTeX kernel commands for general use (HO)
)
(/usr/local/texlive/2020/texmf-dist/tex/generic/iftex/iftex.sty
Package: iftex 2020/03/06 v1.0d TeX engine tests
)
(/usr/local/texlive/2020/texmf-dist/tex/latex/pdftexcmds/pdftexcmds.sty
Package: pdftexcmds 2019/11/24 v0.31 Utility functions of pdfTeX for LuaTeX (HO
)

(/usr/local/texlive/2020/texmf-dist/tex/generic/infwarerr/infwarerr.sty
Package: infwarerr 2019/12/03 v1.5 Providing info/warning/error messages (HO)
)
Package pdftexcmds Info: \pdf@primitive is available.
Package pdftexcmds Info: \pdf@ifprimitive is available.
Package pdftexcmds Info: \pdfdraftmode found.
)
(/usr/local/texlive/2020/texmf-dist/tex/generic/kvsetkeys/kvsetkeys.sty
Package: kvsetkeys 2019/12/15 v1.18 Key value parser (HO)
)
(/usr/local/texlive/2020/texmf-dist/tex/generic/kvdefinekeys/kvdefinekeys.sty
Package: kvdefinekeys 2019-12-19 v1.6 Define keys (HO)
)
(/usr/local/texlive/2020/texmf-dist/tex/generic/pdfescape/pdfescape.sty
Package: pdfescape 2019/12/09 v1.15 Implements pdfTeX's escape features (HO)
)
(/usr/local/texlive/2020/texmf-dist/tex/latex/hycolor/hycolor.sty
Package: hycolor 2020-01-27 v1.10 Color options for hyperref/bookmark (HO)
)
(/usr/local/texlive/2020/texmf-dist/tex/latex/letltxmacro/letltxmacro.sty
Package: letltxmacro 2019/12/03 v1.6 Let assignment for LaTeX macros (HO)
)
(/usr/local/texlive/2020/texmf-dist/tex/latex/auxhook/auxhook.sty
Package: auxhook 2019-12-17 v1.6 Hooks for auxiliary files (HO)
)
(/usr/local/texlive/2020/texmf-dist/tex/latex/kvoptions/kvoptions.sty
Package: kvoptions 2019/11/29 v3.13 Key value format for package options (HO)
)
\@linkdim=\dimen147
\Hy@linkcounter=\count180
\Hy@pagecounter=\count181

(/usr/local/texlive/2020/texmf-dist/tex/latex/hyperref/pd1enc.def
File: pd1enc.def 2020/01/14 v7.00d Hyperref: PDFDocEncoding definition (HO)
Now handling font encoding PD1 ...
... no UTF-8 mapping file for font encoding PD1
)
(/usr/local/texlive/2020/texmf-dist/tex/generic/intcalc/intcalc.sty
Package: intcalc 2019/12/15 v1.3 Expandable calculations with integers (HO)
)
(/usr/local/texlive/2020/texmf-dist/tex/generic/etexcmds/etexcmds.sty
Package: etexcmds 2019/12/15 v1.7 Avoid name clashes with e-TeX commands (HO)
)
\Hy@SavedSpaceFactor=\count182
Package hyperref Info: Hyper figures OFF on input line 4547.
Package hyperref Info: Link nesting OFF on input line 4552.
Package hyperref Info: Hyper index ON on input line 4555.
Package hyperref Info: Plain pages OFF on input line 4562.
Package hyperref Info: Backreferencing OFF on input line 4567.
Package hyperref Info: Implicit mode ON; LaTeX internals redefined.
Package hyperref Info: Bookmarks ON on input line 4800.
\c@Hy@tempcnt=\count183
LaTeX Info: Redefining \url on input line 5159.
\XeTeXLinkMargin=\dimen148

(/usr/local/texlive/2020/texmf-dist/tex/generic/bitset/bitset.sty
Package: bitset 2019/12/09 v1.3 Handle bit-vector datatype (HO)

(/usr/local/texlive/2020/texmf-dist/tex/generic/bigintcalc/bigintcalc.sty
Package: bigintcalc 2019/12/15 v1.5 Expandable calculations on big integers (HO
)
))
\Fld@menulength=\count184
\Field@Width=\dimen149
\Fld@charsize=\dimen150
Package hyperref Info: Hyper figures OFF on input line 6430.
Package hyperref Info: Link nesting OFF on input line 6435.
Package hyperref Info: Hyper index ON on input line 6438.
Package hyperref Info: backreferencing OFF on input line 6445.
Package hyperref Info: Link coloring OFF on input line 6450.
Package hyperref Info: Link coloring with OCG OFF on input line 6455.
Package hyperref Info: PDF/A mode OFF on input line 6460.
LaTeX Info: Redefining \ref on input line 6500.
LaTeX Info: Redefining \pageref on input line 6504.

(/usr/local/texlive/2020/texmf-dist/tex/generic/atbegshi/atbegshi.sty
Package: atbegshi 2019/12/05 v1.19 At begin shipout hook (HO)
)
\Hy@abspage=\count185
\c@Item=\count186
\c@Hfootnote=\count187
)
Package hyperref Info: Driver (autodetected): hpdftex.

(/usr/local/texlive/2020/texmf-dist/tex/latex/hyperref/hpdftex.def
File: hpdftex.def 2020/01/14 v7.00d Hyperref driver for pdfTeX

(/usr/local/texlive/2020/texmf-dist/tex/latex/atveryend/atveryend.sty
Package: atveryend 2019-12-11 v1.11 Hooks at the very end of document (HO)
Package atveryend Info: \enddocument detected (standard20110627).
)
\Fld@listcount=\count188
\c@bookmark@seq@number=\count189

(/usr/local/texlive/2020/texmf-dist/tex/latex/rerunfilecheck/rerunfilecheck.sty
Package: rerunfilecheck 2019/12/05 v1.9 Rerun checks for auxiliary files (HO)

(/usr/local/texlive/2020/texmf-dist/tex/generic/uniquecounter/uniquecounter.sty
Package: uniquecounter 2019/12/15 v1.4 Provide unlimited unique counter (HO)
)
Package uniquecounter Info: New unique counter `rerunfilecheck' on input line 2
86.
)
\Hy@SectionHShift=\skip48
) (./jlcode.sty
-- Package: `jlcode' 2.1 <2018/03/06> --
Package: jlcode 2018/03/06 2.1
(/usr/local/texlive/2020/texmf-dist/tex/latex/listings/listings.sty
\lst@mode=\count190
\lst@gtempboxa=\box52
\lst@token=\toks18
\lst@length=\count191
\lst@currlwidth=\dimen151
\lst@column=\count192
\lst@pos=\count193
\lst@lostspace=\dimen152
\lst@width=\dimen153
\lst@newlines=\count194
\lst@lineno=\count195
\abovecaptionskip=\skip49
\belowcaptionskip=\skip50
\lst@maxwidth=\dimen154

(/usr/local/texlive/2020/texmf-dist/tex/latex/listings/lstmisc.sty
File: lstmisc.sty 2020/03/24 1.8d (Carsten Heinz)
\c@lstnumber=\count196
\lst@skipnumbers=\count197
\lst@framebox=\box53
)
(/usr/local/texlive/2020/texmf-dist/tex/latex/listings/listings.cfg
File: listings.cfg 2020/03/24 1.8d listings configuration
))
Package: listings 2020/03/24 1.8d (Carsten Heinz)

(/usr/local/texlive/2020/texmf-dist/tex/latex/xcolor/xcolor.sty
Package: xcolor 2016/05/11 v2.12 LaTeX color extensions (UK)

(/usr/local/texlive/2020/texmf-dist/tex/latex/graphics-cfg/color.cfg
File: color.cfg 2016/01/02 v1.6 sample color configuration
)
Package xcolor Info: Driver file: pdftex.def on input line 225.
Package xcolor Info: Model `cmy' substituted by `cmy0' on input line 1348.
Package xcolor Info: Model `hsb' substituted by `rgb' on input line 1352.
Package xcolor Info: Model `RGB' extended on input line 1364.
Package xcolor Info: Model `HTML' substituted by `rgb' on input line 1366.
Package xcolor Info: Model `Hsb' substituted by `hsb' on input line 1367.
Package xcolor Info: Model `tHsb' substituted by `hsb' on input line 1368.
Package xcolor Info: Model `HSB' substituted by `hsb' on input line 1369.
Package xcolor Info: Model `Gray' substituted by `gray' on input line 1370.
Package xcolor Info: Model `wave' substituted by `hsb' on input line 1371.
)
(/usr/local/texlive/2020/texmf-dist/tex/latex/base/textcomp.sty
Package: textcomp 2020/02/02 v2.0n Standard LaTeX package
)
(/usr/local/texlive/2020/texmf-dist/tex/latex/amsfonts/amssymb.sty
Package: amssymb 2013/01/14 v3.01 AMS font symbols

(/usr/local/texlive/2020/texmf-dist/tex/latex/amsfonts/amsfonts.sty
Package: amsfonts 2013/01/14 v3.01 Basic AMSFonts support
\@emptytoks=\toks19
\symAMSa=\mathgroup9
\symAMSb=\mathgroup10
LaTeX Font Info:    Redeclaring math symbol \hbar on input line 98.
LaTeX Font Info:    Overwriting math alphabet `\mathfrak' in version `bold'
(Font)                  U/euf/m/n --> U/euf/b/n on input line 106.
))
(/usr/local/texlive/2020/texmf-dist/tex/latex/eurosym/eurosym.sty
Package: eurosym 1998/08/06 v1.1 European currency symbol ``Euro''
\@eurobox=\box54
)
(/usr/local/texlive/2020/texmf-dist/tex/latex/base/fontenc.sty
Package: fontenc 2020/02/11 v2.0o Standard LaTeX package
LaTeX Font Info:    Trying to load font information for T1+ptm on input line 11
2.

(/usr/local/texlive/2020/texmf-dist/tex/latex/psnfss/t1ptm.fd
File: t1ptm.fd 2001/06/04 font definitions for T1/ptm.
))
(/usr/local/texlive/2020/texmf-dist/tex/latex/tools/calc.sty
Package: calc 2017/05/25 v4.3 Infix arithmetic (KKT,FJ)
\calc@Acount=\count198
\calc@Bcount=\count199
\calc@Adimen=\dimen155
\calc@Bdimen=\dimen156
\calc@Askip=\skip51
\calc@Bskip=\skip52
LaTeX Info: Redefining \setlength on input line 80.
LaTeX Info: Redefining \addtolength on input line 81.
\calc@Ccount=\count266
\calc@Cskip=\skip53
)
\bfem=\skip54
LaTeX Font Info:    Trying to load font information for T1+cmtt on input line 4
14.

(/usr/local/texlive/2020/texmf-dist/tex/latex/base/t1cmtt.fd
File: t1cmtt.fd 2019/12/16 v2.5j Standard LaTeX font definitions
)
\xmrgn=\skip55
)
(/usr/local/texlive/2020/texmf-dist/tex/latex/preprint/authblk.sty
Package: authblk 2001/02/27 1.3 (PWD)
\affilsep=\skip56
\@affilsep=\skip57
\c@Maxaffil=\count267
\c@authors=\count268
\c@affil=\count269
)
(/usr/local/texlive/2020/texmf-dist/tex/latex/caption/caption.sty
Package: caption 2020/01/03 v3.4h Customizing captions (AR)

(/usr/local/texlive/2020/texmf-dist/tex/latex/caption/caption3.sty
Package: caption3 2020/01/03 v1.8h caption3 kernel (AR)
Package caption3 Info: TeX engine: e-TeX on input line 61.
\captionmargin=\dimen157
\captionmargin@=\dimen158
\captionwidth=\dimen159
\caption@tempdima=\dimen160
\caption@indent=\dimen161
\caption@parindent=\dimen162
\caption@hangindent=\dimen163
Package caption Info: Unknown document class (or package),
(caption)             standard defaults will be used.
Package caption Info: \@makecaption = \long macro:#1#2->\ifx \FigName \@captype
 \vskip 7.3pt \setbox \@tempboxa \hbox {\figcaptionfont {#1}.\hskip 7.3pt\relax
 #2\par }\ifdim \wd \@tempboxa >\hsize \figcaptionfont {#1}.\hskip 7.3pt\relax 
#2\par \else \centerline {\box \@tempboxa }\fi \else \setbox \tbbox =\vbox {\hs
ize \tempdimen {\tablenumfont #1}\ {\tablecaptionfont #2\par }}\setbox \@tempbo
xa \hbox {\hsize \tempdimen {\tablenumfont #1}\ {\tablecaptionfont #2\par }\vph
antom {jgq}}\ifdim \wd \@tempboxa >\tempdimen \centerline {\box \tbbox }\else \
centerline {\box \@tempboxa }\fi \vskip \belowcaptionskip \fi  on input line 10
82.
)

Package caption Warning: Unknown document class (or package),
(caption)                standard defaults will be used.
See the caption package documentation for explanation.

\c@caption@flags=\count270
\c@continuedfloat=\count271
Package caption Info: hyperref package is loaded.
Package caption Info: listings package is loaded.
)) (/usr/local/texlive/2020/texmf-dist/tex/latex/sttools/flushend.sty
Package: flushend 2017/03/27 v3.3 Balancing columns in twocolumn mode
\flushend@@lastskip@a=\skip58
\flushend@@lastskip@b=\skip59
\flushend@@lastskip@c=\skip60
\flushend@@penalty@a=\count272
\flushend@@lastkern@a=\dimen164
\var@@temp@spread=\dimen165
\var@@temp@a=\dimen166
\flushend@@page@rule=\dimen167
\flushend@@varbox@a=\box55
\flushend@@varbox@c=\box56
\flushend@@tempbox@a=\box57
\flushend@@tempbox@c=\box58
\@viper=\box59
\hold@viper=\box60
\atColsBreak=\toks20
\atColsEnd=\toks21

(/usr/local/texlive/2020/texmf-dist/tex/latex/etoolbox/etoolbox.sty
Package: etoolbox 2019/09/21 v2.5h e-TeX tools for LaTeX (JAW)
\etb@tempcnta=\count273
))
(/usr/local/texlive/2020/texmf-dist/tex/latex/l3backend/l3backend-pdfmode.def
File: l3backend-pdfmode.def 2020-03-12 L3 backend support: PDF mode
\l__kernel_color_stack_int=\count274
\l__pdf_internal_box=\box61
)
(./paper.aux)
\openout1 = `paper.aux'.

LaTeX Font Info:    Checking defaults for OML/cmm/m/it on input line 6.
LaTeX Font Info:    ... okay on input line 6.
LaTeX Font Info:    Checking defaults for OMS/cmsy/m/n on input line 6.
LaTeX Font Info:    ... okay on input line 6.
LaTeX Font Info:    Checking defaults for OT1/cmr/m/n on input line 6.
LaTeX Font Info:    ... okay on input line 6.
LaTeX Font Info:    Checking defaults for T1/cmr/m/n on input line 6.
LaTeX Font Info:    ... okay on input line 6.
LaTeX Font Info:    Checking defaults for TS1/cmr/m/n on input line 6.
LaTeX Font Info:    ... okay on input line 6.
LaTeX Font Info:    Checking defaults for OMX/cmex/m/n on input line 6.
LaTeX Font Info:    ... okay on input line 6.
LaTeX Font Info:    Checking defaults for U/cmr/m/n on input line 6.
LaTeX Font Info:    ... okay on input line 6.
LaTeX Font Info:    Checking defaults for PD1/pdf/m/n on input line 6.
LaTeX Font Info:    ... okay on input line 6.

(/usr/local/texlive/2020/texmf-dist/tex/context/base/mkii/supp-pdf.mkii
[Loading MPS to PDF converter (version 2006.09.02).]
\scratchcounter=\count275
\scratchdimen=\dimen168
\scratchbox=\box62
\nofMPsegments=\count276
\nofMParguments=\count277
\everyMPshowfont=\toks22
\MPscratchCnt=\count278
\MPscratchDim=\dimen169
\MPnumerator=\count279
\makeMPintoPDFobject=\count280
\everyMPtoPDFconversion=\toks23
) (/usr/local/texlive/2020/texmf-dist/tex/latex/epstopdf-pkg/epstopdf-base.sty
Package: epstopdf-base 2020-01-24 v2.11 Base part for package epstopdf
Package epstopdf-base Info: Redefining graphics rule for `.eps' on input line 4
85.

(/usr/local/texlive/2020/texmf-dist/tex/latex/latexconfig/epstopdf-sys.cfg
File: epstopdf-sys.cfg 2010/07/13 v1.3 Configuration of (r)epstopdf for TeX Liv
e
))
\AtBeginShipoutBox=\box63
Package hyperref Info: Link coloring OFF on input line 6.

(/usr/local/texlive/2020/texmf-dist/tex/latex/hyperref/nameref.sty
Package: nameref 2019/09/16 v2.46 Cross-referencing by name of section

(/usr/local/texlive/2020/texmf-dist/tex/latex/refcount/refcount.sty
Package: refcount 2019/12/15 v3.6 Data extraction from label references (HO)
)
(/usr/local/texlive/2020/texmf-dist/tex/generic/gettitlestring/gettitlestring.s
ty
Package: gettitlestring 2019/12/15 v1.6 Cleanup title references (HO)
)
\c@section@level=\count281
)
LaTeX Info: Redefining \ref on input line 6.
LaTeX Info: Redefining \pageref on input line 6.
LaTeX Info: Redefining \nameref on input line 6.
 (./paper.out) (./paper.out)
\@outlinefile=\write3
\openout3 = `paper.out'.

\c@lstlisting=\count282
Package caption Info: Begin \AtBeginDocument code.
Package caption Info: End \AtBeginDocument code.
 (./header.tex)
<logojuliacon.pdf, id=88, 430.91032pt x 145.96547pt>
File: logojuliacon.pdf Graphic file (type pdf)
<use logojuliacon.pdf>
Package pdftex.def Info: logojuliacon.pdf  used on input line 9.
(pdftex.def)             Requested size: 72.26999pt x 24.4797pt.
LaTeX Font Info:    Trying to load font information for U+lasy on input line 9.


(/usr/local/texlive/2020/texmf-dist/tex/latex/base/ulasy.fd
File: ulasy.fd 1998/08/17 v2.2e LaTeX symbol font definitions
)
LaTeX Font Info:    Trying to load font information for U+msa on input line 9.

(/usr/local/texlive/2020/texmf-dist/tex/latex/amsfonts/umsa.fd
File: umsa.fd 2013/01/14 v3.01 AMS symbols A
)
LaTeX Font Info:    Trying to load font information for U+msb on input line 9.

(/usr/local/texlive/2020/texmf-dist/tex/latex/amsfonts/umsb.fd
File: umsb.fd 2013/01/14 v3.01 AMS symbols B
)
LaTeX Font Info:    Font shape `U/lasy/b/n' in size <8> not available
(Font)              Font shape `U/lasy/m/n' tried instead on input line 9.
LaTeX Font Info:    Font shape `U/lasy/b/n' in size <6> not available
(Font)              Font shape `U/lasy/m/n' tried instead on input line 9.

Underfull \hbox (badness 7981) in paragraph at lines 13--13
[]\T1/ptm/m/n/9 , [], [], [],
 []


Underfull \hbox (badness 10000) in paragraph at lines 13--13
[]\T1/ptm/m/n/9 , [], [], [],
 []


Underfull \hbox (badness 7759) in paragraph at lines 13--13
[]\T1/ptm/m/n/9 , [], [],
 []

<images/HighLevelArch.png, id=105, 331.566pt x 208.488pt>
File: images/HighLevelArch.png Graphic file (type png)
<use images/HighLevelArch.png>
Package pdftex.def Info: images/HighLevelArch.png  used on input line 28.
(pdftex.def)             Requested size: 215.99854pt x 135.81781pt.

Underfull \hbox (badness 1748) in paragraph at lines 25--32
[]\T1/ptm/m/n/9 Currently, Con-cur-rentSim lacks the func-tion-al-ity to trans-
par-
 []


Underfull \hbox (badness 2343) in paragraph at lines 25--32
\T1/ptm/m/n/9 a run-ning DES model as well. To mit-i-gate this short-com-
 []


Underfull \hbox (badness 1038) in paragraph at lines 25--32
\T1/ptm/m/n/9 ing, we ex-tended both the \T1/cmtt/m/n/9 ConcurrentSim.jl \T1/pt
m/m/n/9 [[], []] and
 []


Underfull \hbox (badness 7888) in paragraph at lines 33--33
[]\T1/ptm/m/n/9 At a high level, we dis-tin-guish a static phase, dur-ing
 []


Underfull \hbox (badness 2269) in paragraph at lines 33--33
\T1/ptm/m/n/9 which model anal-y-sis takes place trough a mod-i-fi-ca-tion of
 []


Underfull \vbox (badness 10000) has occurred while \output is active []


Underfull \hbox (badness 10000) has occurred while \output is active
  
 []

[1{/usr/local/texlive/2020/texmf-var/fonts/map/pdftex/updmap/pdftex.map}
Non-PDF special ignored!
<special> papersize=8.5in,11in


 <./logojuliacon.pdf>]
Underfull \hbox (badness 3078) in paragraph at lines 45--45
\T1/ptm/m/n/9 guages, and more to-wards Ju-lia, we turn our at-ten-tion to
 []


Underfull \hbox (badness 1715) in paragraph at lines 47--47
\T1/ptm/m/n/9 is the ORM back-end for \T1/cmtt/m/n/9 Genie.jl\T1/ptm/m/n/9 , a 
pack-age for Model-
 []


Underfull \hbox (badness 4582) in paragraph at lines 49--49
\T1/ptm/m/n/9 mod-els im-ple-mented in Ju-lia ap-pli-ca-tions and Post-greSQL
 []

LaTeX Font Info:    Font shape `U/lasy/b/n' in size <9> not available
(Font)              Font shape `U/lasy/m/n' tried instead on input line 64.
LaTeX Font Info:    Font shape `U/lasy/b/n' in size <5> not available
(Font)              Font shape `U/lasy/m/n' tried instead on input line 64.

Overfull \vbox (2.39996pt too high) has occurred while \output is active []


Underfull \hbox (badness 10000) has occurred while \output is active
  \T1/ptm/m/n/9 2
 []

[2 <./images/HighLevelArch.png>]
<images/simHeapCallbacksProbe.png, id=176, 286.89pt x 155.928pt>
File: images/simHeapCallbacksProbe.png Graphic file (type png)
<use images/simHeapCallbacksProbe.png>
Package pdftex.def Info: images/simHeapCallbacksProbe.png  used on input line 8
4.
(pdftex.def)             Requested size: 215.99854pt x 117.40251pt.
<images/threePhase.png, id=179, 199.29pt x 252.945pt>
File: images/threePhase.png Graphic file (type png)
<use images/threePhase.png>
Package pdftex.def Info: images/threePhase.png  used on input line 108.
(pdftex.def)             Requested size: 144.00146pt x 182.7764pt.

Overfull \vbox (2.39996pt too high) has occurred while \output is active []


Underfull \hbox (badness 10000) has occurred while \output is active
  \T1/ptm/m/n/9 3
 []

[3 <./images/simHeapCallbacksProbe.png>]
Underfull \hbox (badness 5832) in paragraph at lines 119--119
[]\T1/ptm/m/n/9 The \T1/cmtt/m/n/9 @resumable \T1/ptm/m/n/9 macro in-ter-nally 
de-pends on the ex-ist-
 []


Underfull \hbox (badness 4266) in paragraph at lines 119--119
\T1/ptm/m/n/9 ing \T1/cmtt/m/n/9 get_slots() \T1/ptm/m/n/9 func-tion. Here, we 
in-tro-duced our new
 []


Underfull \hbox (badness 10000) in paragraph at lines 119--119
\T1/cmtt/m/n/9 saveSlotsToDb() \T1/ptm/m/n/9 func-tion which (1) saves in-for-m
a-
 []


Underfull \hbox (badness 3148) in paragraph at lines 119--119
\T1/ptm/m/n/9 tion about the ver-sion of the model through the func-tion
 []


Underfull \hbox (badness 10000) in paragraph at lines 119--119
\T1/ptm/m/n/9 for the func-tion/pro-cess un-der con-sid-er-a-tion through the
 []


Underfull \hbox (badness 10000) in paragraph at lines 135--136

 []


Underfull \hbox (badness 3333) in paragraph at lines 137--137
\T1/ptm/m/n/9 fig-u-ra-tion. Both of them are im-ple-mented as macro calls:
 []


Underfull \hbox (badness 10000) in paragraph at lines 140--141

 []


Underfull \vbox (badness 10000) has occurred while \output is active []


Overfull \vbox (2.39996pt too high) has occurred while \output is active []


Underfull \hbox (badness 10000) has occurred while \output is active
  \T1/ptm/m/n/9 4
 []

[4 <./images/threePhase.png>]
Underfull \hbox (badness 10000) in paragraph at lines 147--148

 []


Underfull \hbox (badness 1077) in paragraph at lines 149--149
\T1/ptm/m/n/9 ule which is in-ter-nal to Post-gre-sORM and works in tan-dem
 []


Underfull \hbox (badness 10000) in paragraph at lines 153--154

 []


Underfull \hbox (badness 10000) in paragraph at lines 157--158

 []


Underfull \hbox (badness 1502) in paragraph at lines 159--159
[]\T1/ptm/m/n/9 The \T1/cmtt/m/n/9 SimProbe \T1/ptm/m/n/9 mod-ule im-ple-ments 
the \T1/cmtt/m/n/9 ProbeStructured()
 []


Underfull \hbox (badness 10000) in paragraph at lines 161--162

 []


Underfull \vbox (badness 1337) has occurred while \output is active []

<images/overviewArch.png, id=203, 697.515pt x 404.055pt>
File: images/overviewArch.png Graphic file (type png)
<use images/overviewArch.png>
Package pdftex.def Info: images/overviewArch.png  used on input line 169.
(pdftex.def)             Requested size: 240.0pt x 139.02919pt.

Underfull \hbox (badness 10000) in paragraph at lines 181--182

 []


Overfull \vbox (2.39996pt too high) has occurred while \output is active []


Underfull \hbox (badness 10000) has occurred while \output is active
  \T1/ptm/m/n/9 5
 []

[5 <./images/overviewArch.png>]
Underfull \hbox (badness 10000) in paragraph at lines 187--188

 []

<images/VueApp.png, id=216, 614.295pt x 488.82625pt>
File: images/VueApp.png Graphic file (type png)
<use images/VueApp.png>
Package pdftex.def Info: images/VueApp.png  used on input line 195.
(pdftex.def)             Requested size: 215.99854pt x 171.88239pt.

Underfull \hbox (badness 5245) in paragraph at lines 206--206
\T1/ptm/m/n/9 The ar-chi-tec-ture, which is avail-able at []$\T1/cmtt/m/n/9 htt
ps : / / github .
 []


Underfull \hbox (badness 1147) in paragraph at lines 206--206
\T1/ptm/m/n/9 ing sev-eral sce-nar-ios re-flect-ing the in-tended use dur-ing s
im-
 []


Underfull \hbox (badness 1910) in paragraph at lines 206--206
\T1/ptm/m/n/9 u-la-tions. We used a Mac-Book Pro, equipped with an In-tel
 []


Underfull \hbox (badness 1496) in paragraph at lines 206--206
\T1/ptm/m/n/9 v1.84 with Ju-lia v1.8.5. \T1/cmtt/m/n/9 PostgresORM.jl \T1/ptm/m
/n/9 is at v0.5.0. The
 []


Underfull \hbox (badness 1237) in paragraph at lines 206--206
\T1/ptm/m/n/9 u-la-tion which was used to run the test cases can be found
 []


Underfull \hbox (badness 3713) in paragraph at lines 206--206
\T1/ptm/m/n/9 at []$\T1/cmtt/m/n/9 https : / / github . com / vanderpp / SimJul
iaPersistence /
 []


Underfull \hbox (badness 1248) in paragraph at lines 222--222
\T1/ptm/m/n/9 The start-ing con-di-tions for this sce-nario is to have a sim-u-

 []


Underfull \hbox (badness 1057) in paragraph at lines 222--222
\T1/ptm/m/n/9 la-tion that has run, and data was recorded. The REST end-
 []


Underfull \hbox (badness 2318) in paragraph at lines 222--222
\T1/ptm/m/n/9 point is queried us-ing a HTTP GET re-quest at the URL:
 []


Overfull \vbox (2.39996pt too high) has occurred while \output is active []


Underfull \hbox (badness 10000) has occurred while \output is active
  \T1/ptm/m/n/9 6
 []

[6 <./images/VueApp.png>]
Underfull \hbox (badness 1009) in paragraph at lines 251--251
[]\T1/ptm/m/n/9 The REST API that we im-ple-mented opens up the pos-si-bil-
 []


Underfull \vbox (badness 10000) has occurred while \output is active []


Overfull \vbox (2.39996pt too high) has occurred while \output is active []


Underfull \hbox (badness 10000) has occurred while \output is active
  \T1/ptm/m/n/9 7
 []

[7] (./paper.bbl
Underfull \hbox (badness 10000) in paragraph at lines 4--7
[]\T1/ptm/m/n/9 DataFrames.jl. []$\T1/cmtt/m/n/9 https : / / dataframes . julia
data . org /
 []


Underfull \hbox (badness 10000) in paragraph at lines 9--12
[]\T1/ptm/m/n/9 Hibernate 6.3 Doc-u-men-ta-tion. []$\T1/cmtt/m/n/9 https : / / 
hibernate .
 []


Underfull \hbox (badness 10000) in paragraph at lines 9--12
\T1/cmtt/m/n/9 org / orm / documentation / 6 . 3/$[]\T1/ptm/m/n/9 . On-line; ac
-cessed 23-
 []


Underfull \hbox (badness 10000) in paragraph at lines 19--25
[]\T1/ptm/m/n/9 Sameera Abar, Geor-gios K Theodor-opou-los, Pierre
 []


Underfull \hbox (badness 7151) in paragraph at lines 19--25
\T1/ptm/m/n/9 soft-ware. \T1/ptm/m/it/9 Com-puter Sci-ence Re-view\T1/ptm/m/n/9
 , 24:13--33, 2017.
 []


Underfull \hbox (badness 1173) in paragraph at lines 40--45
[]\T1/ptm/m/n/9 Grady Booch, Robert A. Mak-sim-chuk, Michael W. En-
 []


Underfull \hbox (badness 10000) in paragraph at lines 47--52
[]\T1/ptm/m/n/9 JuliaCollections: Col-lec-tions Data Vtruc-tures and
 []


Underfull \hbox (badness 10000) in paragraph at lines 47--52
\T1/ptm/m/n/9 Al-go-rithms for Ju-lia. DataS-truc-tures.jl. []$\T1/cmtt/m/n/9 h
ttps :
 []


Underfull \hbox (badness 10000) in paragraph at lines 47--52
\T1/cmtt/m/n/9 / / juliacollections . github . io / DataStructures .
 []


Underfull \hbox (badness 1552) in paragraph at lines 68--72
\T1/ptm/m/it/9 sity of Ap-plied Sci-ences Rap-per-swil, Switzer-land\T1/ptm/m/n
/9 , 2011.
 []


Underfull \hbox (badness 10000) in paragraph at lines 68--72
[]$\T1/cmtt/m/n/9 https : / / cis . bentley . edu / lwaguespack / CS630 _
 []


Underfull \hbox (badness 10000) in paragraph at lines 74--79
[]\T1/ptm/m/n/9 Keld Hels-gaun. Disco-a simula-based lan-guage for
 []


Underfull \hbox (badness 10000) in paragraph at lines 74--79
\T1/ptm/m/n/9 con-tin-u-ous com-bined and dis-crete sim-u-la-tion: Sim-
 []


Underfull \hbox (badness 10000) in paragraph at lines 74--79
\T1/ptm/m/n/9 u-la-tion soft-ware. \T1/ptm/m/it/9 Sim-u-la-tion\T1/ptm/m/n/9 , 
35(1):1--12, 1980.
 []


Underfull \hbox (badness 2293) in paragraph at lines 95--100
[]\T1/ptm/m/n/9 Stefan Scher-fke Klaus Müller, Tony Vi-g-naux and On-
 []


Underfull \hbox (badness 1052) in paragraph at lines 95--100
\T1/ptm/m/n/9 u-la-tion frame-work based on stan-dard python. []$\T1/cmtt/m/n/9
 https : / /
 []


Underfull \hbox (badness 3354) in paragraph at lines 95--100
\T1/cmtt/m/n/9 simpy . readthedocs . io / en / latest/$[]\T1/ptm/m/n/9 . On-lin
e; ac-cessed
 []


Underfull \hbox (badness 1168) in paragraph at lines 102--107
\T1/ptm/m/n/9 a multi-formalism sim-u-la-tor for noisy quan-tum com-mu-
 []


Underfull \hbox (badness 7326) in paragraph at lines 102--107
\T1/ptm/m/n/9 ni-ca-tion and com-pu-ta-tion hard-ware. []$\T1/cmtt/m/n/9 https 
: / / https :
 []


Underfull \hbox (badness 10000) in paragraph at lines 102--107
\T1/cmtt/m/n/9 / / github . com / QuantumSavory / QuantumSavory . jl$[]\T1/ptm/
m/n/9 .
 []


Underfull \hbox (badness 10000) in paragraph at lines 109--113
\T1/ptm/m/n/9 ping for Post-greSQL. []$\T1/cmtt/m/n/9 https : / / juliapostgres
orm .
 []


Underfull \hbox (badness 6332) in paragraph at lines 109--113
\T1/cmtt/m/n/9 github . io / PostgresORM . jl / dev/$[]\T1/ptm/m/n/9 , 2021. On
-line; ac-
 []


Underfull \hbox (badness 10000) in paragraph at lines 127--132
[]\T1/ptm/m/n/9 Ben Lauwens. Simju-lia: Dis-crete Event Pro-cess
 []


Underfull \hbox (badness 10000) in paragraph at lines 127--132
\T1/ptm/m/n/9 Ori-ented Sim-u-la-tion Frame-work Writ-ten in Ju-lia.
 []


Underfull \hbox (badness 10000) in paragraph at lines 127--132
[]$\T1/cmtt/m/n/9 https : / / simjuliajl . readthedocs . io / en / stable /
 []


Overfull \vbox (2.39996pt too high) has occurred while \output is active []


Underfull \hbox (badness 10000) has occurred while \output is active
  \T1/ptm/m/n/9 8
 []

[8]
Underfull \hbox (badness 2368) in paragraph at lines 143--149
\T1/ptm/m/n/9 Of The Chal-lenges That Come With In-tro-duc-ing This
 []


Underfull \hbox (badness 3758) in paragraph at lines 143--149
\T1/ptm/m/n/9 New Layer Of Ab-strac-tion. \T1/ptm/m/it/9 Queue\T1/ptm/m/n/9 , 6
(3):18--28, 2008.
 []


Underfull \hbox (badness 10000) in paragraph at lines 158--162
[]\T1/ptm/m/n/9 Adrian Sal-ceanu. Ge-nieframe-work. []$\T1/cmtt/m/n/9 https : /
 /
 []


Underfull \hbox (badness 1796) in paragraph at lines 158--162
\T1/cmtt/m/n/9 genieframework . com/$[]\T1/ptm/m/n/9 . On-line; ac-cessed 23-No
vember-
 []


Underfull \hbox (badness 1082) in paragraph at lines 164--169
\T1/ptm/m/n/9 pro-vides a li-brary of tools for work-ing with ju-lia code
 []


Underfull \hbox (badness 2237) in paragraph at lines 164--169
\T1/ptm/m/n/9 and ex-pres-sions. []$\T1/cmtt/m/n/9 https : / / fluxml . ai / Ma
croTools . jl /
 []


Underfull \hbox (badness 1142) in paragraph at lines 171--175
\T1/ptm/m/n/9 guage. HTTP.jl: Http client and server func-tion-al-ity for
 []

)
Package atveryend Info: Empty hook `BeforeClearDocument' on input line 269.
- LAST -
Extra skip:12.03862pt
Left:144.24847pt/1.84048pt
Right:132.10191pt/1.94843pt
Output:143.12424pt

Underfull \hbox (badness 10000) has occurred while \output is active
  \T1/ptm/m/n/9 9
 []

[9]
Package atveryend Info: Empty hook `AfterLastShipout' on input line 269.
 (./paper.aux)
Package atveryend Info: Executing hook `AtVeryEndDocument' on input line 269.
Package atveryend Info: Executing hook `AtEndAfterFileList' on input line 269.
Package rerunfilecheck Info: File `paper.out' has not changed.
(rerunfilecheck)             Checksum: 3D386F4CC261FA28843C6EE18593FA8A;1382.
Package atveryend Info: Empty hook `AtVeryVeryEnd' on input line 269.
 ) 
Here is how much of TeX's memory you used:
 10003 strings out of 480608
 149109 string characters out of 5903630
 433502 words of memory out of 5000000
 25615 multiletter control sequences out of 15000+600000
 573722 words of font info for 111 fonts, out of 8000000 for 9000
 1141 hyphenation exceptions out of 8191
 49i,11n,48p,1493b,420s stack positions out of 5000i,500n,10000p,200000b,80000s
{/usr/local/texlive/2020/texmf-dist/fonts/enc/dvips/cm-super/cm-super-t1.enc}
{/usr/local/texlive/2020/texmf-dist/fonts/enc/dvips/base/8r.enc}</usr/local/tex
live/2020/texmf-dist/fonts/type1/public/amsfonts/cm/cmmi6.pfb></usr/local/texli
ve/2020/texmf-dist/fonts/type1/public/amsfonts/cm/cmmi9.pfb></usr/local/texlive
/2020/texmf-dist/fonts/type1/public/amsfonts/cm/cmr9.pfb></usr/local/texlive/20
20/texmf-dist/fonts/type1/public/cm-super/sftt0900.pfb></usr/local/texlive/2020
/texmf-dist/fonts/type1/public/cm-super/sftt1000.pfb></usr/local/texlive/2020/t
exmf-dist/fonts/type1/urw/times/utmb8a.pfb></usr/local/texlive/2020/texmf-dist/
fonts/type1/urw/times/utmr8a.pfb></usr/local/texlive/2020/texmf-dist/fonts/type
1/urw/times/utmri8a.pfb>
Output written on paper.pdf (9 pages, 720620 bytes).
PDF statistics:
 324 PDF objects out of 1000 (max. 8388607)
 291 compressed objects within 3 object streams
 72 named destinations out of 1000 (max. 500000)
 199 words of extra memory for PDF output out of 10000 (max. 10000000)

